Watching for file changes with StatReloader
[09/Aug/2025 12:15:29] "GET / HTTP/1.1" 200 11232
[09/Aug/2025 12:16:57] "GET /admin/ HTTP/1.1" 302 0
[09/Aug/2025 12:16:58] "GET /admin/login/?next=/admin/ HTTP/1.1" 200 4322
[09/Aug/2025 12:16:58] "GET /static/admin/css/base.css HTTP/1.1" 200 22092
[09/Aug/2025 12:16:58] "GET /static/admin/css/dark_mode.css HTTP/1.1" 200 2804
[09/Aug/2025 12:17:00] "GET /static/admin/css/responsive.css HTTP/1.1" 200 17972
[09/Aug/2025 12:17:00] "GET /static/admin/js/theme.js HTTP/1.1" 200 1653
[09/Aug/2025 12:17:00] "GET /static/admin/css/login.css HTTP/1.1" 200 951
[09/Aug/2025 12:17:00] "GET /static/admin/css/nav_sidebar.css HTTP/1.1" 200 2810
[09/Aug/2025 12:17:00] "GET /static/admin/js/nav_sidebar.js HTTP/1.1" 200 3063
Not Found: /favicon.ico
[09/Aug/2025 12:17:01] "GET /favicon.ico HTTP/1.1" 404 4050
[09/Aug/2025 12:17:04] "POST /admin/login/?next=/admin/ HTTP/1.1" 200 4505
[09/Aug/2025 12:17:13] "GET / HTTP/1.1" 200 11232
[09/Aug/2025 12:17:27] "GET /services/ HTTP/1.1" 200 11464
[09/Aug/2025 12:17:33] "GET /products/ HTTP/1.1" 200 5638
Not Found: /products/img/product-placeholder.jpg
[09/Aug/2025 12:17:34] "GET /products/img/product-placeholder.jpg HTTP/1.1" 404 4836
[09/Aug/2025 12:17:37] "GET /login/ HTTP/1.1" 200 4594
[09/Aug/2025 12:17:40] "GET /signup/ HTTP/1.1" 200 6190
[09/Aug/2025 12:17:46] "GET /login/ HTTP/1.1" 200 4594
[09/Aug/2025 12:17:47] "GET /contact/ HTTP/1.1" 200 6756
[09/Aug/2025 12:17:59] "GET /services/ HTTP/1.1" 200 11464
[09/Aug/2025 12:18:01] "GET / HTTP/1.1" 200 11232
[09/Aug/2025 12:19:19] "GET /services/ HTTP/1.1" 200 11464
[09/Aug/2025 12:19:23] "GET / HTTP/1.1" 200 11232
[09/Aug/2025 12:24:02] "GET / HTTP/1.1" 200 14063
